[INFO ] [2021-12-11 13:49:43,020]  -------------------------- PASSED -------------------------- 
[INFO ] [2021-12-11 14:57:41,012]  -------------------------- PASSED -------------------------- 
[INFO ] [2021-12-11 14:57:48,432]  -------------------------- PASSED -------------------------- 
[INFO ] [2021-12-11 15:10:47,452]  -------------------------- PASSED -------------------------- 
[INFO ] [2021-12-11 15:10:48,721]  -------------------------- PASSED -------------------------- 
[INFO ] [2021-12-11 15:10:56,318]  -------------------------- FAILED -------------------------- 
[INFO ] [2021-12-11 15:11:45,329]  -------------------------- PASSED -------------------------- 
[INFO ] [2021-12-11 15:11:46,550]  -------------------------- PASSED -------------------------- 
[INFO ] [2021-12-11 15:11:54,082]  -------------------------- FAILED -------------------------- 
[INFO ] [2021-12-11 15:17:19,705]  -------------------------- PASSED -------------------------- 
[INFO ] [2021-12-11 15:17:22,627]  -------------------------- PASSED -------------------------- 
[INFO ] [2021-12-11 15:17:30,115]  -------------------------- FAILED -------------------------- 
[INFO ] [2021-12-11 15:20:47,348]  -------------------------- PASSED -------------------------- 
[INFO ] [2021-12-11 15:20:49,683]  -------------------------- PASSED -------------------------- 
[INFO ] [2021-12-11 15:20:57,573]  -------------------------- FAILED -------------------------- 
[INFO ] [2021-12-11 15:22:57,835]  -------------------------- PASSED -------------------------- 
[INFO ] [2021-12-11 15:22:58,899]  -------------------------- PASSED -------------------------- 
[INFO ] [2021-12-11 15:23:07,188]  -------------------------- FAILED -------------------------- 
[INFO ] [2021-12-11 15:25:30,590]  -------------------------- PASSED -------------------------- 
[INFO ] [2021-12-11 15:25:31,875]  -------------------------- PASSED -------------------------- 
[INFO ] [2021-12-11 15:25:39,870]  -------------------------- FAILED -------------------------- 
[INFO ] [2021-12-11 15:27:55,134]  -------------------------- PASSED -------------------------- 
[INFO ] [2021-12-11 15:27:56,314]  -------------------------- PASSED -------------------------- 
[INFO ] [2021-12-11 15:28:04,035]  -------------------------- PASSED -------------------------- 
[INFO ] [2021-12-11 16:04:57,714] Step 01 - Select department dropdown
[INFO ] [2021-12-11 16:04:57,813] Step 02 - Input to search textbox
[INFO ] [2021-12-11 16:04:57,949] Step 03 - Click to search button -> move search page
[INFO ] [2021-12-11 16:05:01,295] Step 04 - Select language
[INFO ] [2021-12-11 16:05:09,549]  -------------------------- PASSED -------------------------- 
[INFO ] [2021-12-11 16:05:35,959] Step 01 - Select department dropdown
[INFO ] [2021-12-11 16:05:36,100] Step 02 - Input to search textbox
[INFO ] [2021-12-11 16:05:36,213] Step 03 - Click to search button -> move search page
[INFO ] [2021-12-11 16:05:39,818] Step 04 - Select language
[INFO ] [2021-12-11 16:05:44,826] Step 04 - Select language
[INFO ] [2021-12-11 16:07:37,711] Step 01 - Select department dropdown
[INFO ] [2021-12-11 16:07:37,820] Step 02 - Input to search textbox
[INFO ] [2021-12-11 16:07:37,962] Step 03 - Click to search button -> move search page
[INFO ] [2021-12-11 16:07:41,303] Step 04 - Select language
[INFO ] [2021-12-11 16:07:43,604] Step 04 - Verify page have paging
[INFO ] [2021-12-11 16:07:47,384] Step 04 - Select language
[INFO ] [2021-12-11 16:07:51,861]  -------------------------- PASSED -------------------------- 
[INFO ] [2021-12-11 16:10:42,878] Step 01 - Select department dropdown
[INFO ] [2021-12-11 16:10:42,996] Step 02 - Input to search textbox
[INFO ] [2021-12-11 16:10:43,136] Step 03 - Click to search button -> move search page
[INFO ] [2021-12-11 16:10:46,398] Step 04 - Select language
[INFO ] [2021-12-11 16:10:49,167] Step 04 - Verify page have paging
[INFO ] [2021-12-11 16:10:50,217]  -------------------------- FAILED -------------------------- 
[INFO ] [2021-12-11 16:10:51,758]  -------------------------- FAILED -------------------------- 
[INFO ] [2021-12-11 16:10:54,056]  -------------------------- FAILED -------------------------- 
[INFO ] [2021-12-11 16:10:55,423]  -------------------------- FAILED -------------------------- 
[INFO ] [2021-12-11 16:10:56,836]  -------------------------- FAILED -------------------------- 
[INFO ] [2021-12-11 16:10:58,160]  -------------------------- FAILED -------------------------- 
[INFO ] [2021-12-11 16:11:00,296]  -------------------------- FAILED -------------------------- 
[INFO ] [2021-12-11 16:11:02,684]  -------------------------- FAILED -------------------------- 
[INFO ] [2021-12-11 16:11:04,922]  -------------------------- FAILED -------------------------- 
[INFO ] [2021-12-11 16:11:06,124]  -------------------------- FAILED -------------------------- 
[INFO ] [2021-12-11 16:11:07,424]  -------------------------- FAILED -------------------------- 
[INFO ] [2021-12-11 16:11:09,652]  -------------------------- FAILED -------------------------- 
[INFO ] [2021-12-11 16:11:10,888]  -------------------------- FAILED -------------------------- 
[INFO ] [2021-12-11 16:11:12,235]  -------------------------- FAILED -------------------------- 
[INFO ] [2021-12-11 16:11:13,789]  -------------------------- FAILED -------------------------- 
[INFO ] [2021-12-11 16:11:16,094]  -------------------------- FAILED -------------------------- 
[INFO ] [2021-12-11 16:11:17,439]  -------------------------- FAILED -------------------------- 
[INFO ] [2021-12-11 16:11:19,026]  -------------------------- FAILED -------------------------- 
[INFO ] [2021-12-11 16:11:20,891]  -------------------------- FAILED -------------------------- 
[INFO ] [2021-12-11 16:11:22,114]  -------------------------- FAILED -------------------------- 
[INFO ] [2021-12-11 16:11:23,658]  -------------------------- FAILED -------------------------- 
[INFO ] [2021-12-11 16:11:26,198]  -------------------------- FAILED -------------------------- 
[INFO ] [2021-12-11 16:11:28,604]  -------------------------- FAILED -------------------------- 
[INFO ] [2021-12-11 16:11:29,786]  -------------------------- FAILED -------------------------- 
[INFO ] [2021-12-11 16:11:31,039]  -------------------------- FAILED -------------------------- 
[INFO ] [2021-12-11 16:11:32,317]  -------------------------- FAILED -------------------------- 
[INFO ] [2021-12-11 16:11:32,888]  -------------------------- PASSED -------------------------- 
[INFO ] [2021-12-11 16:11:33,937]  -------------------------- FAILED -------------------------- 
[INFO ] [2021-12-11 16:11:35,504]  -------------------------- FAILED -------------------------- 
[INFO ] [2021-12-11 16:11:37,416]  -------------------------- FAILED -------------------------- 
[INFO ] [2021-12-11 16:11:38,514]  -------------------------- FAILED -------------------------- 
[INFO ] [2021-12-11 16:11:39,759]  -------------------------- FAILED -------------------------- 
[INFO ] [2021-12-11 16:11:41,172]  -------------------------- FAILED -------------------------- 
[INFO ] [2021-12-11 16:11:42,516]  -------------------------- FAILED -------------------------- 
[INFO ] [2021-12-11 16:11:43,666]  -------------------------- FAILED -------------------------- 
[INFO ] [2021-12-11 16:15:39,765] Step 01 - Select department dropdown
[INFO ] [2021-12-11 16:15:39,861] Step 02 - Input to search textbox
[INFO ] [2021-12-11 16:15:39,967] Step 03 - Click to search button -> move search page
[INFO ] [2021-12-11 16:15:43,531] Step 04 - Select language
[INFO ] [2021-12-11 16:15:46,100] Step 04 - Verify page have paging
[INFO ] [2021-12-11 16:15:47,196]  -------------------------- FAILED -------------------------- 
[INFO ] [2021-12-11 16:15:48,748]  -------------------------- FAILED -------------------------- 
[INFO ] [2021-12-11 16:15:51,069]  -------------------------- FAILED -------------------------- 
[INFO ] [2021-12-11 16:15:52,942]  -------------------------- FAILED -------------------------- 
[INFO ] [2021-12-11 16:15:55,150]  -------------------------- FAILED -------------------------- 
[INFO ] [2021-12-11 16:15:56,919]  -------------------------- FAILED -------------------------- 
[INFO ] [2021-12-11 16:15:58,902]  -------------------------- FAILED -------------------------- 
[INFO ] [2021-12-11 16:16:00,935]  -------------------------- FAILED -------------------------- 
[INFO ] [2021-12-11 16:26:12,513] Step 01 - Select department dropdown
[INFO ] [2021-12-11 16:26:12,597] Step 02 - Input to search textbox
[INFO ] [2021-12-11 16:26:12,736] Step 03 - Click to search button -> move search page
[INFO ] [2021-12-11 16:26:16,165] Step 04 - Select language
[INFO ] [2021-12-11 16:26:19,008] Step 04 - Verify page have paging
[INFO ] [2021-12-11 16:26:21,277]  -------------------------- FAILED -------------------------- 
[INFO ] [2021-12-11 16:26:24,632]  -------------------------- FAILED -------------------------- 
[INFO ] [2021-12-11 16:26:27,029]  -------------------------- FAILED -------------------------- 
[INFO ] [2021-12-11 16:26:29,340]  -------------------------- FAILED -------------------------- 
[INFO ] [2021-12-11 16:26:31,702]  -------------------------- FAILED -------------------------- 
[INFO ] [2021-12-11 16:26:35,371]  -------------------------- FAILED -------------------------- 
[INFO ] [2021-12-11 16:26:38,899]  -------------------------- FAILED -------------------------- 
[INFO ] [2021-12-11 16:26:42,637]  -------------------------- FAILED -------------------------- 
[INFO ] [2021-12-11 16:26:44,833]  -------------------------- FAILED -------------------------- 
[INFO ] [2021-12-11 16:26:47,913]  -------------------------- PASSED -------------------------- 
[INFO ] [2021-12-11 16:32:21,019] Step 01 - Select department dropdown
[INFO ] [2021-12-11 16:32:21,105] Step 02 - Input to search textbox
[INFO ] [2021-12-11 16:32:21,236] Step 03 - Click to search button -> move search page
[INFO ] [2021-12-11 16:32:24,676] Step 04 - Select language
[INFO ] [2021-12-11 16:32:27,070] Step 04 - Verify page have paging
[INFO ] [2021-12-11 16:32:30,275]  -------------------------- FAILED -------------------------- 
[INFO ] [2021-12-11 16:32:33,923]  -------------------------- PASSED -------------------------- 
[INFO ] [2021-12-11 16:32:37,069]  -------------------------- FAILED -------------------------- 
[INFO ] [2021-12-11 16:32:40,447]  -------------------------- PASSED -------------------------- 
[INFO ] [2021-12-11 16:32:43,597]  -------------------------- FAILED -------------------------- 
[INFO ] [2021-12-11 16:32:47,103]  -------------------------- FAILED -------------------------- 
[INFO ] [2021-12-11 16:32:51,004]  -------------------------- PASSED -------------------------- 
[INFO ] [2021-12-11 16:33:21,579] Step 01 - Select department dropdown
[INFO ] [2021-12-11 16:33:21,800] Step 02 - Input to search textbox
[INFO ] [2021-12-11 16:33:21,919] Step 03 - Click to search button -> move search page
[INFO ] [2021-12-11 16:33:25,251] Step 04 - Select language
[INFO ] [2021-12-11 16:33:28,305] Step 04 - Verify page have paging
[INFO ] [2021-12-11 16:33:34,537]  -------------------------- PASSED -------------------------- 
[INFO ] [2021-12-11 16:33:40,691]  -------------------------- PASSED -------------------------- 
[INFO ] [2021-12-11 16:33:46,840]  -------------------------- PASSED -------------------------- 
[INFO ] [2021-12-11 16:33:53,015]  -------------------------- PASSED -------------------------- 
[INFO ] [2021-12-11 16:33:59,165]  -------------------------- PASSED -------------------------- 
[INFO ] [2021-12-11 16:34:05,317]  -------------------------- PASSED -------------------------- 
[INFO ] [2021-12-11 16:34:11,466]  -------------------------- PASSED -------------------------- 
[INFO ] [2021-12-11 16:34:17,617]  -------------------------- PASSED -------------------------- 
[INFO ] [2021-12-11 16:34:55,749] Step 01 - Select department dropdown
[INFO ] [2021-12-11 16:34:55,843] Step 02 - Input to search textbox
[INFO ] [2021-12-11 16:34:56,016] Step 03 - Click to search button -> move search page
[INFO ] [2021-12-11 16:34:59,225] Step 04 - Select language
[INFO ] [2021-12-11 16:35:35,315] Step 01 - Select department dropdown
[INFO ] [2021-12-11 16:35:35,406] Step 02 - Input to search textbox
[INFO ] [2021-12-11 16:35:35,580] Step 03 - Click to search button -> move search page
[INFO ] [2021-12-11 16:35:38,935] Step 04 - Select language
[INFO ] [2021-12-11 16:35:38,935] Step 04 - Verify page have paging
[INFO ] [2021-12-11 16:35:45,158]  -------------------------- PASSED -------------------------- 
[INFO ] [2021-12-11 16:35:49,027] Step 04 - Select language
[INFO ] [2021-12-11 16:35:52,530]  -------------------------- PASSED -------------------------- 
[INFO ] [2021-12-11 16:41:35,596] Step 01 - Select department dropdown
[INFO ] [2021-12-11 16:41:35,685] Step 02 - Input to search textbox
[INFO ] [2021-12-11 16:41:35,789] Step 03 - Click to search button -> move search page
[INFO ] [2021-12-11 16:41:39,663] Step 04 - Select language
[INFO ] [2021-12-11 16:41:41,720] Step 04 - Verify page have paging
[INFO ] [2021-12-11 16:41:42,979]  -------------------------- FAILED -------------------------- 
[INFO ] [2021-12-11 16:41:44,776]  -------------------------- FAILED -------------------------- 
[INFO ] [2021-12-11 16:41:45,909]  -------------------------- FAILED -------------------------- 
[INFO ] [2021-12-11 16:41:48,504]  -------------------------- FAILED -------------------------- 
[INFO ] [2021-12-11 16:41:49,765]  -------------------------- FAILED -------------------------- 
[INFO ] [2021-12-11 16:41:51,763]  -------------------------- FAILED -------------------------- 
[INFO ] [2021-12-11 16:41:53,231]  -------------------------- FAILED -------------------------- 
[INFO ] [2021-12-11 16:41:54,977]  -------------------------- FAILED -------------------------- 
[INFO ] [2021-12-11 16:41:56,667]  -------------------------- FAILED -------------------------- 
[INFO ] [2021-12-11 16:41:57,982]  -------------------------- FAILED -------------------------- 
[INFO ] [2021-12-11 16:41:59,235]  -------------------------- FAILED -------------------------- 
[INFO ] [2021-12-11 16:42:00,563]  -------------------------- FAILED -------------------------- 
[INFO ] [2021-12-11 16:42:03,126]  -------------------------- FAILED -------------------------- 
[INFO ] [2021-12-11 16:42:04,393]  -------------------------- PASSED -------------------------- 
[INFO ] [2021-12-11 16:45:57,505] Step 01 - Select department dropdown
[INFO ] [2021-12-11 16:45:57,601] Step 02 - Input to search textbox
[INFO ] [2021-12-11 16:45:57,739] Step 03 - Click to search button -> move search page
[INFO ] [2021-12-11 16:46:01,577] Step 04 - Select language
[INFO ] [2021-12-11 16:46:03,889] Step 04 - Verify page have paging
[INFO ] [2021-12-11 16:46:07,361] Step 04 - Select language
[INFO ] [2021-12-11 16:46:10,786]  -------------------------- PASSED -------------------------- 
[INFO ] [2021-12-11 16:50:11,266] Step 01 - Select department dropdown
[INFO ] [2021-12-11 16:50:11,351] Step 02 - Input to search textbox
[INFO ] [2021-12-11 16:50:11,474] Step 03 - Click to search button -> move search page
[INFO ] [2021-12-11 16:50:15,247] Step 04 - Select language
[INFO ] [2021-12-11 16:50:17,594] Step 04 - Verify page have paging
[INFO ] [2021-12-11 16:50:21,522] Step 04 - Select language
[INFO ] [2021-12-11 16:50:24,865]  -------------------------- PASSED -------------------------- 
[INFO ] [2021-12-11 16:59:00,526] Step 01 - Select department dropdown
[INFO ] [2021-12-11 16:59:00,622] Step 02 - Input to search textbox
[INFO ] [2021-12-11 16:59:00,759] Step 03 - Click to search button -> move search page
[INFO ] [2021-12-11 16:59:04,063] Step 04 - Select language
[INFO ] [2021-12-11 16:59:06,492] Step 04 - Verify page have paging
[INFO ] [2021-12-11 16:59:07,466]  -------------------------- FAILED -------------------------- 
[INFO ] [2021-12-11 16:59:10,143]  -------------------------- FAILED -------------------------- 
[INFO ] [2021-12-11 16:59:11,858]  -------------------------- FAILED -------------------------- 
[INFO ] [2021-12-11 16:59:13,141]  -------------------------- FAILED -------------------------- 
[INFO ] [2021-12-11 16:59:14,873]  -------------------------- PASSED -------------------------- 
[INFO ] [2021-12-11 16:59:15,964]  -------------------------- FAILED -------------------------- 
[INFO ] [2021-12-11 16:59:17,243]  -------------------------- FAILED -------------------------- 
[INFO ] [2021-12-11 16:59:18,376]  -------------------------- FAILED -------------------------- 
[INFO ] [2021-12-11 16:59:19,855]  -------------------------- FAILED -------------------------- 
[INFO ] [2021-12-11 16:59:20,839]  -------------------------- FAILED -------------------------- 
[INFO ] [2021-12-11 16:59:21,926]  -------------------------- FAILED -------------------------- 
[INFO ] [2021-12-11 16:59:23,133]  -------------------------- FAILED -------------------------- 
[INFO ] [2021-12-11 16:59:25,799]  -------------------------- FAILED -------------------------- 
[INFO ] [2021-12-11 16:59:27,611]  -------------------------- FAILED -------------------------- 
[INFO ] [2021-12-11 16:59:28,972]  -------------------------- FAILED -------------------------- 
[INFO ] [2021-12-11 16:59:30,167]  -------------------------- FAILED -------------------------- 
[INFO ] [2021-12-11 16:59:31,830]  -------------------------- FAILED -------------------------- 
[INFO ] [2021-12-11 16:59:33,489]  -------------------------- FAILED -------------------------- 
[INFO ] [2021-12-11 16:59:34,631]  -------------------------- FAILED -------------------------- 
[INFO ] [2021-12-11 16:59:36,216]  -------------------------- FAILED -------------------------- 
[INFO ] [2021-12-11 16:59:37,964]  -------------------------- FAILED -------------------------- 
[INFO ] [2021-12-11 16:59:39,260]  -------------------------- FAILED -------------------------- 
[INFO ] [2021-12-11 16:59:41,046]  -------------------------- FAILED -------------------------- 
[INFO ] [2021-12-11 16:59:42,264]  -------------------------- FAILED -------------------------- 
[INFO ] [2021-12-11 16:59:44,694]  -------------------------- FAILED -------------------------- 
[INFO ] [2021-12-11 17:31:43,991] Step 01 - Select department dropdown
[INFO ] [2021-12-11 17:31:44,102] Step 02 - Input to search textbox
[INFO ] [2021-12-11 17:31:44,263] Step 03 - Click to search button -> move search page
[INFO ] [2021-12-11 17:31:47,563] Step 04 - Select language
[INFO ] [2021-12-11 17:31:49,889] Step 04 - Verify page have paging
[INFO ] [2021-12-11 17:32:24,172] Step 04 - Select language
[INFO ] [2021-12-11 17:32:27,432]  -------------------------- PASSED -------------------------- 
[INFO ] [2021-12-11 19:15:11,456] Step 01 - Select department dropdown
[INFO ] [2021-12-11 19:15:11,544] Step 02 - Input to search textbox
[INFO ] [2021-12-11 19:15:11,680] Step 03 - Click to search button -> move search page
[INFO ] [2021-12-11 19:15:15,048] Step 04 - Select language
[INFO ] [2021-12-11 19:15:17,541] Step 04 - Verify page have paging
[INFO ] [2021-12-11 19:15:21,676] Step 04 - Select language
[INFO ] [2021-12-11 19:15:25,059]  -------------------------- PASSED -------------------------- 
[INFO ] [2021-12-11 19:19:59,583] Step 01 - Select department dropdown
[INFO ] [2021-12-11 19:19:59,681] Step 02 - Input to search textbox
[INFO ] [2021-12-11 19:19:59,818] Step 03 - Click to search button -> move search page
[INFO ] [2021-12-11 19:20:03,408] Step 04 - Select language
[INFO ] [2021-12-11 19:20:05,849] Step 04 - Verify page have paging
[INFO ] [2021-12-11 19:20:11,044]  -------------------------- PASSED -------------------------- 
[INFO ] [2021-12-11 19:20:16,191]  -------------------------- PASSED -------------------------- 
[INFO ] [2021-12-11 19:20:21,341]  -------------------------- PASSED -------------------------- 
[INFO ] [2021-12-11 19:20:26,491]  -------------------------- PASSED -------------------------- 
[INFO ] [2021-12-11 19:20:31,642]  -------------------------- PASSED -------------------------- 
[INFO ] [2021-12-11 19:20:36,777]  -------------------------- PASSED -------------------------- 
[INFO ] [2021-12-11 19:20:41,921]  -------------------------- PASSED -------------------------- 
[INFO ] [2021-12-11 19:20:47,062]  -------------------------- PASSED -------------------------- 
[INFO ] [2021-12-11 19:20:52,213]  -------------------------- PASSED -------------------------- 
[INFO ] [2021-12-11 19:20:57,363]  -------------------------- PASSED -------------------------- 
[INFO ] [2021-12-11 19:21:02,501]  -------------------------- PASSED -------------------------- 
[INFO ] [2021-12-11 19:21:07,688]  -------------------------- PASSED -------------------------- 
[INFO ] [2021-12-11 19:21:12,856]  -------------------------- PASSED -------------------------- 
[INFO ] [2021-12-11 19:21:18,036]  -------------------------- PASSED -------------------------- 
[INFO ] [2021-12-11 19:21:23,184]  -------------------------- PASSED -------------------------- 
[INFO ] [2021-12-11 19:34:50,094] Step 01 - Select department dropdown
[INFO ] [2021-12-11 19:34:50,192] Step 02 - Input to search textbox
[INFO ] [2021-12-11 19:34:50,314] Step 03 - Click to search button -> move search page
[INFO ] [2021-12-11 19:34:54,398] Step 04 - Select language
[INFO ] [2021-12-11 19:34:57,169] Step 04 - Verify page have paging
[INFO ] [2021-12-11 19:35:02,477]  -------------------------- PASSED -------------------------- 
[INFO ] [2021-12-11 19:35:07,640]  -------------------------- PASSED -------------------------- 
[INFO ] [2021-12-11 19:35:12,846]  -------------------------- PASSED -------------------------- 
[INFO ] [2021-12-11 19:35:18,048]  -------------------------- PASSED -------------------------- 
[INFO ] [2021-12-11 19:35:23,236]  -------------------------- PASSED -------------------------- 
[INFO ] [2021-12-11 19:35:28,430]  -------------------------- PASSED -------------------------- 
[INFO ] [2021-12-11 19:35:33,627]  -------------------------- PASSED -------------------------- 
[INFO ] [2021-12-11 19:35:38,865]  -------------------------- PASSED -------------------------- 
[INFO ] [2021-12-11 19:35:44,046]  -------------------------- PASSED -------------------------- 
[INFO ] [2021-12-11 19:35:49,214]  -------------------------- PASSED -------------------------- 
[INFO ] [2021-12-11 19:35:54,391]  -------------------------- PASSED -------------------------- 
[INFO ] [2021-12-11 19:35:59,578]  -------------------------- PASSED -------------------------- 
[INFO ] [2021-12-11 19:36:04,748]  -------------------------- PASSED -------------------------- 
[INFO ] [2021-12-11 19:36:09,957]  -------------------------- PASSED -------------------------- 
[INFO ] [2021-12-11 19:36:15,140]  -------------------------- PASSED -------------------------- 
[INFO ] [2021-12-11 19:36:20,356]  -------------------------- PASSED -------------------------- 
[INFO ] [2021-12-11 19:36:25,518]  -------------------------- PASSED -------------------------- 
[INFO ] [2021-12-11 19:36:30,715]  -------------------------- PASSED -------------------------- 
[INFO ] [2021-12-11 19:36:35,892]  -------------------------- PASSED -------------------------- 
[INFO ] [2021-12-11 19:36:41,092]  -------------------------- PASSED -------------------------- 
[INFO ] [2021-12-11 19:36:46,264]  -------------------------- PASSED -------------------------- 
[INFO ] [2021-12-11 19:36:51,432]  -------------------------- PASSED -------------------------- 
[INFO ] [2021-12-11 19:36:56,622]  -------------------------- PASSED -------------------------- 
[INFO ] [2021-12-11 19:37:01,809]  -------------------------- PASSED -------------------------- 
[INFO ] [2021-12-11 19:37:07,015]  -------------------------- PASSED -------------------------- 
[INFO ] [2021-12-11 19:37:12,222]  -------------------------- PASSED -------------------------- 
[INFO ] [2021-12-11 19:37:17,424]  -------------------------- PASSED -------------------------- 
[INFO ] [2021-12-11 19:37:22,624]  -------------------------- PASSED -------------------------- 
[INFO ] [2021-12-11 19:37:27,800]  -------------------------- PASSED -------------------------- 
[INFO ] [2021-12-11 19:37:32,989]  -------------------------- PASSED -------------------------- 
[INFO ] [2021-12-11 19:37:38,153]  -------------------------- PASSED -------------------------- 
[INFO ] [2021-12-11 19:37:43,330]  -------------------------- PASSED -------------------------- 
[INFO ] [2021-12-11 19:37:48,489]  -------------------------- PASSED -------------------------- 
[INFO ] [2021-12-11 19:37:53,692]  -------------------------- PASSED -------------------------- 
[INFO ] [2021-12-11 19:37:58,897]  -------------------------- PASSED -------------------------- 
[INFO ] [2021-12-11 19:38:04,101]  -------------------------- PASSED -------------------------- 
[INFO ] [2021-12-11 19:38:09,278]  -------------------------- PASSED -------------------------- 
[INFO ] [2021-12-11 19:38:14,466]  -------------------------- PASSED -------------------------- 
[INFO ] [2021-12-11 19:38:19,658]  -------------------------- PASSED -------------------------- 
[INFO ] [2021-12-11 19:38:24,856]  -------------------------- PASSED -------------------------- 
[INFO ] [2021-12-11 19:38:30,046]  -------------------------- PASSED -------------------------- 
[INFO ] [2021-12-11 19:38:35,240]  -------------------------- PASSED -------------------------- 
[INFO ] [2021-12-11 19:38:40,436]  -------------------------- PASSED -------------------------- 
[INFO ] [2021-12-11 19:38:45,633]  -------------------------- PASSED -------------------------- 
[INFO ] [2021-12-11 19:38:50,821]  -------------------------- PASSED -------------------------- 
[INFO ] [2021-12-11 19:38:56,010]  -------------------------- PASSED -------------------------- 
[INFO ] [2021-12-11 19:39:21,417] Step 01 - Select department dropdown
[INFO ] [2021-12-11 19:39:21,513] Step 02 - Input to search textbox
[INFO ] [2021-12-11 19:39:21,631] Step 03 - Click to search button -> move search page
[INFO ] [2021-12-11 19:39:24,881] Step 04 - Select language
[INFO ] [2021-12-11 19:39:27,234] Step 04 - Verify page have paging
[INFO ] [2021-12-11 19:39:32,499]  -------------------------- PASSED -------------------------- 
[INFO ] [2021-12-11 19:39:37,682]  -------------------------- PASSED -------------------------- 
[INFO ] [2021-12-11 19:39:42,881]  -------------------------- PASSED -------------------------- 
[INFO ] [2021-12-11 19:39:48,092]  -------------------------- PASSED -------------------------- 
[INFO ] [2021-12-11 19:39:53,274]  -------------------------- PASSED -------------------------- 
[INFO ] [2021-12-11 19:39:58,468]  -------------------------- PASSED -------------------------- 
[INFO ] [2021-12-11 19:40:03,670]  -------------------------- PASSED -------------------------- 
[INFO ] [2021-12-11 19:40:08,852]  -------------------------- PASSED -------------------------- 
[INFO ] [2021-12-11 19:40:14,012]  -------------------------- PASSED -------------------------- 
[INFO ] [2021-12-11 19:40:19,213]  -------------------------- PASSED -------------------------- 
[INFO ] [2021-12-11 19:40:24,379]  -------------------------- PASSED -------------------------- 
[INFO ] [2021-12-11 19:40:29,576]  -------------------------- PASSED -------------------------- 
[INFO ] [2021-12-11 19:40:34,791]  -------------------------- PASSED -------------------------- 
[INFO ] [2021-12-11 19:40:39,960]  -------------------------- PASSED -------------------------- 
[INFO ] [2021-12-11 19:40:45,126]  -------------------------- PASSED -------------------------- 
[INFO ] [2021-12-11 19:40:50,306]  -------------------------- PASSED -------------------------- 
[INFO ] [2021-12-11 19:40:55,492]  -------------------------- PASSED -------------------------- 
[INFO ] [2021-12-11 19:41:00,680]  -------------------------- PASSED -------------------------- 
[INFO ] [2021-12-11 19:41:05,861]  -------------------------- PASSED -------------------------- 
[INFO ] [2021-12-11 19:41:11,068]  -------------------------- PASSED -------------------------- 
[INFO ] [2021-12-11 19:41:16,234]  -------------------------- PASSED -------------------------- 
[INFO ] [2021-12-11 19:41:21,404]  -------------------------- PASSED -------------------------- 
[INFO ] [2021-12-11 19:41:26,572]  -------------------------- PASSED -------------------------- 
[INFO ] [2021-12-11 19:41:31,766]  -------------------------- PASSED -------------------------- 
[INFO ] [2021-12-11 19:41:36,975]  -------------------------- PASSED -------------------------- 
[INFO ] [2021-12-11 19:41:42,167]  -------------------------- PASSED -------------------------- 
[INFO ] [2021-12-11 19:41:47,374]  -------------------------- PASSED -------------------------- 
[INFO ] [2021-12-11 19:41:52,566]  -------------------------- PASSED -------------------------- 
[INFO ] [2021-12-11 19:41:57,729]  -------------------------- PASSED -------------------------- 
[INFO ] [2021-12-11 19:42:02,890]  -------------------------- PASSED -------------------------- 
[INFO ] [2021-12-11 19:42:08,049]  -------------------------- PASSED -------------------------- 
[INFO ] [2021-12-11 19:42:13,219]  -------------------------- PASSED -------------------------- 
[INFO ] [2021-12-11 19:42:18,408]  -------------------------- PASSED -------------------------- 
[INFO ] [2021-12-11 19:42:23,591]  -------------------------- PASSED -------------------------- 
[INFO ] [2021-12-11 19:42:28,774]  -------------------------- PASSED -------------------------- 
[INFO ] [2021-12-11 19:42:33,976]  -------------------------- PASSED -------------------------- 
[INFO ] [2021-12-11 19:42:39,145]  -------------------------- PASSED -------------------------- 
[INFO ] [2021-12-11 19:42:44,326]  -------------------------- PASSED -------------------------- 
[INFO ] [2021-12-11 19:42:49,519]  -------------------------- PASSED -------------------------- 
[INFO ] [2021-12-11 19:42:54,691]  -------------------------- PASSED -------------------------- 
[INFO ] [2021-12-11 19:42:59,891]  -------------------------- PASSED -------------------------- 
[INFO ] [2021-12-11 19:43:05,057]  -------------------------- PASSED -------------------------- 
[INFO ] [2021-12-11 19:43:10,256]  -------------------------- PASSED -------------------------- 
[INFO ] [2021-12-11 19:43:15,433]  -------------------------- PASSED -------------------------- 
[INFO ] [2021-12-11 19:43:20,621]  -------------------------- PASSED -------------------------- 
[INFO ] [2021-12-11 19:43:25,781]  -------------------------- PASSED -------------------------- 
[INFO ] [2021-12-11 19:43:30,989]  -------------------------- PASSED -------------------------- 
[INFO ] [2021-12-11 19:43:36,190]  -------------------------- PASSED -------------------------- 
[INFO ] [2021-12-11 19:43:41,371]  -------------------------- PASSED -------------------------- 
[INFO ] [2021-12-11 19:43:46,575]  -------------------------- PASSED -------------------------- 
[INFO ] [2021-12-11 19:43:51,770]  -------------------------- PASSED -------------------------- 
[INFO ] [2021-12-11 19:43:56,974]  -------------------------- PASSED -------------------------- 
[INFO ] [2021-12-11 19:44:02,166]  -------------------------- PASSED -------------------------- 
[INFO ] [2021-12-11 19:44:07,356]  -------------------------- PASSED -------------------------- 
[INFO ] [2021-12-11 19:44:12,568]  -------------------------- PASSED -------------------------- 
[INFO ] [2021-12-11 19:44:17,745]  -------------------------- PASSED -------------------------- 
[INFO ] [2021-12-11 19:44:22,911]  -------------------------- PASSED -------------------------- 
[INFO ] [2021-12-11 19:44:28,076]  -------------------------- PASSED -------------------------- 
[INFO ] [2021-12-11 19:44:33,267]  -------------------------- PASSED -------------------------- 
[INFO ] [2021-12-11 19:44:38,449]  -------------------------- PASSED -------------------------- 
[INFO ] [2021-12-11 19:44:43,646]  -------------------------- PASSED -------------------------- 
[INFO ] [2021-12-11 19:44:48,839]  -------------------------- PASSED -------------------------- 
[INFO ] [2021-12-11 19:44:54,041]  -------------------------- PASSED -------------------------- 
[INFO ] [2021-12-11 19:44:59,230]  -------------------------- PASSED -------------------------- 
[INFO ] [2021-12-11 19:45:04,408]  -------------------------- PASSED -------------------------- 
[INFO ] [2021-12-11 19:45:09,595]  -------------------------- PASSED -------------------------- 
[INFO ] [2021-12-11 19:45:14,805]  -------------------------- PASSED -------------------------- 
[INFO ] [2021-12-11 19:45:20,018]  -------------------------- PASSED -------------------------- 
[INFO ] [2021-12-11 19:45:25,219]  -------------------------- PASSED -------------------------- 
[INFO ] [2021-12-11 19:45:30,395]  -------------------------- PASSED -------------------------- 
[INFO ] [2021-12-11 19:45:35,578]  -------------------------- PASSED -------------------------- 
[INFO ] [2021-12-11 19:45:40,744]  -------------------------- PASSED -------------------------- 
[INFO ] [2021-12-11 19:45:45,907]  -------------------------- PASSED -------------------------- 
[INFO ] [2021-12-11 19:45:51,102]  -------------------------- PASSED -------------------------- 
[INFO ] [2021-12-11 19:45:54,442] Step 04 - Select language
[INFO ] [2021-12-11 19:45:58,015]  -------------------------- PASSED -------------------------- 
